<?xml version="1.0" encoding="UTF-8"?>
<!-- Generated by org.testng.reporters.JUnitReportReporter -->
<testsuite skipped="0" hostname="DESKTOP-IEC0DB0" name="vikash.BDDFramework.StarNumber" tests="1" failures="0" timestamp="25 Jul 2023 09:41:16 GMT" time="0.015" errors="0">
  <testcase name="starNumber1" time="0.015" classname="vikash.BDDFramework.StarNumber"/>
</testsuite> <!-- vikash.BDDFramework.StarNumber -->
