<?xml version="1.0" encoding="UTF-8"?>
<!-- Generated by org.testng.reporters.JUnitReportReporter -->
<testsuite skipped="0" hostname="DESKTOP-IEC0DB0" name="vikash.BDDFramework.Practise" tests="4" failures="0" timestamp="25 Jul 2023 09:41:16 GMT" time="0.012" errors="0">
  <testcase name="practiceTest2" time="0.003" classname="vikash.BDDFramework.Practise"/>
  <testcase name="practiceTest1" time="0.004" classname="vikash.BDDFramework.Practise"/>
  <testcase name="practiceTest1" time="0.002" classname="vikash.BDDFramework.Practise"/>
  <testcase name="practiceTest2" time="0.003" classname="vikash.BDDFramework.Practise"/>
</testsuite> <!-- vikash.BDDFramework.Practise -->
