<?xml version="1.0" encoding="UTF-8"?>
<!-- Generated by org.testng.reporters.JUnitReportReporter -->
<testsuite skipped="0" hostname="DESKTOP-IEC0DB0" name="vikash.BDDFramework.StarNumber" tests="1" failures="0" timestamp="26 Jul 2023 13:22:09 GMT" time="0.065" errors="0">
  <testcase name="starNumber1" time="0.065" classname="vikash.BDDFramework.StarNumber"/>
</testsuite> <!-- vikash.BDDFramework.StarNumber -->
