<?xml version="1.0" encoding="UTF-8"?>
<!-- Generated by org.testng.reporters.JUnitReportReporter -->
<testsuite skipped="0" hostname="DESKTOP-IEC0DB0" name="vikash.BDDFramework.Practise" tests="4" failures="0" timestamp="26 Jul 2023 13:22:09 GMT" time="0.005" errors="0">
  <testcase name="practiceTest1" time="0.001" classname="vikash.BDDFramework.Practise"/>
  <testcase name="practiceTest2" time="0.001" classname="vikash.BDDFramework.Practise"/>
  <testcase name="practiceTest1" time="0.002" classname="vikash.BDDFramework.Practise"/>
  <testcase name="practiceTest2" time="0.001" classname="vikash.BDDFramework.Practise"/>
</testsuite> <!-- vikash.BDDFramework.Practise -->
